<?xml version="1.0" encoding="UTF-8"?>
<testsuite xmlns:xsi="http://www.w3.org/2001/XMLSchema-instance" xsi:noNamespaceSchemaLocation="https://maven.apache.org/surefire/maven-surefire-plugin/xsd/surefire-test-report-3.0.xsd" version="3.0" name="com.lkotlindb.LKotlinDBTest" time="0.185" tests="7" errors="0" skipped="0" failures="0">
  <properties>
[...]
</properties>
  <testcase name="testIndex" classname="com.lkotlindb.LKotlinDBTest" time="0.083"/>
  <testcase name="testQuery" classname="com.lkotlindb.LKotlinDBTest" time="0.07"/>
  <testcase name="testInMemoryDatabase" classname="com.lkotlindb.LKotlinDBTest" time="0.001"/>
  <testcase name="testInsertAndFind" classname="com.lkotlindb.LKotlinDBTest" time="0.004"/>
  <testcase name="testDelete" classname="com.lkotlindb.LKotlinDBTest" time="0.004"/>
  <testcase name="testCreateDatabase" classname="com.lkotlindb.LKotlinDBTest" time="0.002"/>
  <testcase name="testUpdate" classname="com.lkotlindb.LKotlinDBTest" time="0.003"/>
</testsuite>